<component name="libraryTable">
  <library name="junit-4.10">
    <CLASSES>
      <root url="jar://$USER_HOME$/Загрузки/junit-4.10.jar!/" />
      <root url="jar://$USER_HOME$/Загрузки/json-simple-1.1.1.jar!/" />
      <root url="jar://$USER_HOME$/Загрузки/jackson-core-2.8.3.jar!/" />
    </CLASSES>
    <JAVADOC />
    <SOURCES />
  </library>
</component>